# JRE version: OpenJDK Runtime Environment Temurin-21.0.8+9 (21.0.8+9) (build 21.0.8+9-LTS)
# Java VM: OpenJDK 64-Bit Server VM Temurin-21.0.8+9 (21.0.8+9-LTS, mixed mode, sharing, tiered, compressed oops, compressed class ptrs, parallel gc, windows-amd64)
GC Precious Log:
 CardTable entry size: 512
 CPUs: 12 total, 12 available
 Memory: 5996M
 Large Page Support: Disabled
 NUMA Support: Disabled
 Compressed Oops: Enabled (32-bit)
 Alignments: Space 512K, Generation 512K, Heap 2M
 Heap Min Capacity: 100M
 Heap Initial Capacity: 100M
 Heap Max Capacity: 2G
 Pre-touch: Disabled
 Parallel Workers: 10
Heap:
 PSYoungGen      total 4096K, used 3739K [0x00000000d5580000, 0x00000000d5b80000, 0x0000000100000000)
  eden space 2048K, 100% used [0x00000000d5580000,0x00000000d5780000,0x00000000d5780000)
  from space 2048K, 82% used [0x00000000d5980000,0x00000000d5b26f70,0x00000000d5b80000)
  to   space 2048K, 100% used [0x00000000d5780000,0x00000000d5980000,0x00000000d5980000)
 ParOldGen       total 907264K, used 907257K [0x0000000080000000, 0x00000000b7600000, 0x00000000d5580000)
  object space 907264K, 99% used [0x0000000080000000,0x00000000b75fe760,0x00000000b7600000)
 Metaspace       used 66780K, committed 68160K, reserved 1114112K
  class space    used 7676K, committed 8256K, reserved 1048576K
GC Heap History (20 events):
Event: 84.394 GC heap after
{Heap after GC invocations=993 (full 3):
 PSYoungGen      total 2048K, used 659K [0x00000000d5580000, 0x00000000d5900000, 0x0000000100000000)
  eden space 1024K, 0% used [0x00000000d5580000,0x00000000d5580000,0x00000000d5680000)
  from space 1024K, 64% used [0x00000000d5800000,0x00000000d58a4fd0,0x00000000d5900000)
  to   space 1024K, 0% used [0x00000000d5700000,0x00000000d5700000,0x00000000d5800000)
 ParOldGen       total 893440K, used 893021K [0x0000000080000000, 0x00000000b6880000, 0x00000000d5580000)
  object space 893440K, 99% used [0x0000000080000000,0x00000000b68174d0,0x00000000b6880000)
 Metaspace       used 66780K, committed 68160K, reserved 1114112K
  class space    used 7676K, committed 8256K, reserved 1048576K
}
Event: 84.410 GC heap before
{Heap before GC invocations=994 (full 3):
 PSYoungGen      total 2048K, used 1683K [0x00000000d5580000, 0x00000000d5900000, 0x0000000100000000)
  eden space 1024K, 100% used [0x00000000d5580000,0x00000000d5680000,0x00000000d5680000)
  from space 1024K, 64% used [0x00000000d5800000,0x00000000d58a4fd0,0x00000000d5900000)
  to   space 1024K, 0% used [0x00000000d5700000,0x00000000d5700000,0x00000000d5800000)
 ParOldGen       total 893440K, used 893021K [0x0000000080000000, 0x00000000b6880000, 0x00000000d5580000)
  object space 893440K, 99% used [0x0000000080000000,0x00000000b68174d0,0x00000000b6880000)
 Metaspace       used 66780K, committed 68160K, reserved 1114112K
  class space    used 7676K, committed 8256K, reserved 1048576K
}
Event: 84.413 GC heap after
{Heap after GC invocations=994 (full 3):
 PSYoungGen      total 2560K, used 1019K [0x00000000d5580000, 0x00000000d5b00000, 0x0000000100000000)
  eden space 1536K, 0% used [0x00000000d5580000,0x00000000d5580000,0x00000000d5700000)
  from space 1024K, 99% used [0x00000000d5700000,0x00000000d57fef70,0x00000000d5800000)
  to   space 2048K, 0% used [0x00000000d5900000,0x00000000d5900000,0x00000000d5b00000)
 ParOldGen       total 893952K, used 893602K [0x0000000080000000, 0x00000000b6900000, 0x00000000d5580000)
  object space 893952K, 99% used [0x0000000080000000,0x00000000b68a89e8,0x00000000b6900000)
 Metaspace       used 66780K, committed 68160K, reserved 1114112K
  class space    used 7676K, committed 8256K, reserved 1048576K
}
Event: 84.439 GC heap before
{Heap before GC invocations=995 (full 3):
 PSYoungGen      total 2560K, used 2555K [0x00000000d5580000, 0x00000000d5b00000, 0x0000000100000000)
  eden space 1536K, 100% used [0x00000000d5580000,0x00000000d5700000,0x00000000d5700000)
  from space 1024K, 99% used [0x00000000d5700000,0x00000000d57fef70,0x00000000d5800000)
  to   space 2048K, 0% used [0x00000000d5900000,0x00000000d5900000,0x00000000d5b00000)
 ParOldGen       total 893952K, used 893602K [0x0000000080000000, 0x00000000b6900000, 0x00000000d5580000)
  object space 893952K, 99% used [0x0000000080000000,0x00000000b68a89e8,0x00000000b6900000)
 Metaspace       used 66780K, committed 68160K, reserved 1114112K
  class space    used 7676K, committed 8256K, reserved 1048576K
}
Event: 84.444 GC heap after
{Heap after GC invocations=995 (full 3):
 PSYoungGen      total 3584K, used 1659K [0x00000000d5580000, 0x00000000d5b00000, 0x0000000100000000)
  eden space 1536K, 0% used [0x00000000d5580000,0x00000000d5580000,0x00000000d5700000)
  from space 2048K, 81% used [0x00000000d5900000,0x00000000d5a9ed50,0x00000000d5b00000)
  to   space 2048K, 0% used [0x00000000d5700000,0x00000000d5700000,0x00000000d5900000)
 ParOldGen       total 894976K, used 894616K [0x0000000080000000, 0x00000000b6a00000, 0x00000000d5580000)
  object space 894976K, 99% used [0x0000000080000000,0x00000000b69a63d0,0x00000000b6a00000)
 Metaspace       used 66780K, committed 68160K, reserved 1114112K
  class space    used 7676K, committed 8256K, reserved 1048576K
}
Event: 84.463 GC heap before
{Heap before GC invocations=996 (full 3):
 PSYoungGen      total 3584K, used 2627K [0x00000000d5580000, 0x00000000d5b00000, 0x0000000100000000)
  eden space 1536K, 63% used [0x00000000d5580000,0x00000000d5672270,0x00000000d5700000)
  from space 2048K, 81% used [0x00000000d5900000,0x00000000d5a9ed50,0x00000000d5b00000)
  to   space 2048K, 0% used [0x00000000d5700000,0x00000000d5700000,0x00000000d5900000)
 ParOldGen       total 894976K, used 894616K [0x0000000080000000, 0x00000000b6a00000, 0x00000000d5580000)
  object space 894976K, 99% used [0x0000000080000000,0x00000000b69a63d0,0x00000000b6a00000)
 Metaspace       used 66780K, committed 68160K, reserved 1114112K
  class space    used 7676K, committed 8256K, reserved 1048576K
}
Event: 84.467 GC heap after
{Heap after GC invocations=996 (full 3):
 PSYoungGen      total 3072K, used 1120K [0x00000000d5580000, 0x00000000d5a00000, 0x0000000100000000)
  eden space 1536K, 0% used [0x00000000d5580000,0x00000000d5580000,0x00000000d5700000)
  from space 1536K, 72% used [0x00000000d5700000,0x00000000d5818000,0x00000000d5880000)
  to   space 1536K, 0% used [0x00000000d5880000,0x00000000d5880000,0x00000000d5a00000)
 ParOldGen       total 896512K, used 896168K [0x0000000080000000, 0x00000000b6b80000, 0x00000000d5580000)
  object space 896512K, 99% used [0x0000000080000000,0x00000000b6b2a0e0,0x00000000b6b80000)
 Metaspace       used 66780K, committed 68160K, reserved 1114112K
  class space    used 7676K, committed 8256K, reserved 1048576K
}
Event: 84.477 GC heap before
{Heap before GC invocations=997 (full 3):
 PSYoungGen      total 3072K, used 2638K [0x00000000d5580000, 0x00000000d5a00000, 0x0000000100000000)
  eden space 1536K, 98% used [0x00000000d5580000,0x00000000d56fbb58,0x00000000d5700000)
  from space 1536K, 72% used [0x00000000d5700000,0x00000000d5818000,0x00000000d5880000)
  to   space 1536K, 0% used [0x00000000d5880000,0x00000000d5880000,0x00000000d5a00000)
 ParOldGen       total 896512K, used 896168K [0x0000000080000000, 0x00000000b6b80000, 0x00000000d5580000)
  object space 896512K, 99% used [0x0000000080000000,0x00000000b6b2a0e0,0x00000000b6b80000)
 Metaspace       used 66780K, committed 68160K, reserved 1114112K
  class space    used 7676K, committed 8256K, reserved 1048576K
}
Event: 84.481 GC heap after
{Heap after GC invocations=997 (full 3):
 PSYoungGen      total 3072K, used 1011K [0x00000000d5580000, 0x00000000d5a80000, 0x0000000100000000)
  eden space 1536K, 0% used [0x00000000d5580000,0x00000000d5580000,0x00000000d5700000)
  from space 1536K, 65% used [0x00000000d5880000,0x00000000d597cfd0,0x00000000d5a00000)
  to   space 1536K, 0% used [0x00000000d5700000,0x00000000d5700000,0x00000000d5880000)
 ParOldGen       total 898048K, used 897841K [0x0000000080000000, 0x00000000b6d00000, 0x00000000d5580000)
  object space 898048K, 99% used [0x0000000080000000,0x00000000b6ccc628,0x00000000b6d00000)
 Metaspace       used 66780K, committed 68160K, reserved 1114112K
  class space    used 7676K, committed 8256K, reserved 1048576K
}
Event: 84.496 GC heap before
{Heap before GC invocations=998 (full 3):
 PSYoungGen      total 3072K, used 2547K [0x00000000d5580000, 0x00000000d5a80000, 0x0000000100000000)
  eden space 1536K, 100% used [0x00000000d5580000,0x00000000d5700000,0x00000000d5700000)
  from space 1536K, 65% used [0x00000000d5880000,0x00000000d597cfd0,0x00000000d5a00000)
  to   space 1536K, 0% used [0x00000000d5700000,0x00000000d5700000,0x00000000d5880000)
 ParOldGen       total 898048K, used 897841K [0x0000000080000000, 0x00000000b6d00000, 0x00000000d5580000)
  object space 898048K, 99% used [0x0000000080000000,0x00000000b6ccc628,0x00000000b6d00000)
 Metaspace       used 66780K, committed 68160K, reserved 1114112K
  class space    used 7676K, committed 8256K, reserved 1048576K
}
Event: 84.499 GC heap after
{Heap after GC invocations=998 (full 3):
 PSYoungGen      total 3072K, used 1475K [0x00000000d5580000, 0x00000000d5b00000, 0x0000000100000000)
  eden space 1536K, 0% used [0x00000000d5580000,0x00000000d5580000,0x00000000d5700000)
  from space 1536K, 96% used [0x00000000d5700000,0x00000000d5870cf0,0x00000000d5880000)
  to   space 2048K, 0% used [0x00000000d5900000,0x00000000d5900000,0x00000000d5b00000)
 ParOldGen       total 899072K, used 898924K [0x0000000080000000, 0x00000000b6e00000, 0x00000000d5580000)
  object space 899072K, 99% used [0x0000000080000000,0x00000000b6ddb0a0,0x00000000b6e00000)
 Metaspace       used 66780K, committed 68160K, reserved 1114112K
  class space    used 7676K, committed 8256K, reserved 1048576K
}
Event: 84.523 GC heap before
{Heap before GC invocations=999 (full 3):
 PSYoungGen      total 3072K, used 3011K [0x00000000d5580000, 0x00000000d5b00000, 0x0000000100000000)
  eden space 1536K, 100% used [0x00000000d5580000,0x00000000d5700000,0x00000000d5700000)
  from space 1536K, 96% used [0x00000000d5700000,0x00000000d5870cf0,0x00000000d5880000)
  to   space 2048K, 0% used [0x00000000d5900000,0x00000000d5900000,0x00000000d5b00000)
 ParOldGen       total 899072K, used 898924K [0x0000000080000000, 0x00000000b6e00000, 0x00000000d5580000)
  object space 899072K, 99% used [0x0000000080000000,0x00000000b6ddb0a0,0x00000000b6e00000)
 Metaspace       used 66780K, committed 68160K, reserved 1114112K
  class space    used 7676K, committed 8256K, reserved 1048576K
}
Event: 84.527 GC heap after
{Heap after GC invocations=999 (full 3):
 PSYoungGen      total 3584K, used 1679K [0x00000000d5580000, 0x00000000d5b00000, 0x0000000100000000)
  eden space 1536K, 0% used [0x00000000d5580000,0x00000000d5580000,0x00000000d5700000)
  from space 2048K, 82% used [0x00000000d5900000,0x00000000d5aa3f18,0x00000000d5b00000)
  to   space 2048K, 0% used [0x00000000d5700000,0x00000000d5700000,0x00000000d5900000)
 ParOldGen       total 900608K, used 900270K [0x0000000080000000, 0x00000000b6f80000, 0x00000000d5580000)
  object space 900608K, 99% used [0x0000000080000000,0x00000000b6f2b818,0x00000000b6f80000)
 Metaspace       used 66780K, committed 68160K, reserved 1114112K
  class space    used 7676K, committed 8256K, reserved 1048576K
}
Event: 84.552 GC heap before
{Heap before GC invocations=1000 (full 3):
 PSYoungGen      total 3584K, used 3215K [0x00000000d5580000, 0x00000000d5b00000, 0x0000000100000000)
  eden space 1536K, 100% used [0x00000000d5580000,0x00000000d5700000,0x00000000d5700000)
  from space 2048K, 82% used [0x00000000d5900000,0x00000000d5aa3f18,0x00000000d5b00000)
  to   space 2048K, 0% used [0x00000000d5700000,0x00000000d5700000,0x00000000d5900000)
 ParOldGen       total 900608K, used 900270K [0x0000000080000000, 0x00000000b6f80000, 0x00000000d5580000)
  object space 900608K, 99% used [0x0000000080000000,0x00000000b6f2b818,0x00000000b6f80000)
 Metaspace       used 66780K, committed 68160K, reserved 1114112K
  class space    used 7676K, committed 8256K, reserved 1048576K
}
Event: 84.556 GC heap after
{Heap after GC invocations=1000 (full 3):
 PSYoungGen      total 3584K, used 1687K [0x00000000d5580000, 0x00000000d5b00000, 0x0000000100000000)
  eden space 1536K, 0% used [0x00000000d5580000,0x00000000d5580000,0x00000000d5700000)
  from space 2048K, 82% used [0x00000000d5700000,0x00000000d58a5eb8,0x00000000d5900000)
  to   space 2048K, 0% used [0x00000000d5900000,0x00000000d5900000,0x00000000d5b00000)
 ParOldGen       total 902144K, used 901843K [0x0000000080000000, 0x00000000b7100000, 0x00000000d5580000)
  object space 902144K, 99% used [0x0000000080000000,0x00000000b70b4c48,0x00000000b7100000)
 Metaspace       used 66780K, committed 68160K, reserved 1114112K
  class space    used 7676K, committed 8256K, reserved 1048576K
}
Event: 84.573 GC heap before
{Heap before GC invocations=1001 (full 3):
 PSYoungGen      total 3584K, used 3147K [0x00000000d5580000, 0x00000000d5b00000, 0x0000000100000000)
  eden space 1536K, 95% used [0x00000000d5580000,0x00000000d56ecdd0,0x00000000d5700000)
  from space 2048K, 82% used [0x00000000d5700000,0x00000000d58a5eb8,0x00000000d5900000)
  to   space 2048K, 0% used [0x00000000d5900000,0x00000000d5900000,0x00000000d5b00000)
 ParOldGen       total 902144K, used 901843K [0x0000000080000000, 0x00000000b7100000, 0x00000000d5580000)
  object space 902144K, 99% used [0x0000000080000000,0x00000000b70b4c48,0x00000000b7100000)
 Metaspace       used 66780K, committed 68160K, reserved 1114112K
  class space    used 7676K, committed 8256K, reserved 1048576K
}
Event: 85.586 GC heap after
{Heap after GC invocations=1001 (full 3):
 PSYoungGen      total 3584K, used 1611K [0x00000000d5580000, 0x00000000d5b80000, 0x0000000100000000)
  eden space 1536K, 0% used [0x00000000d5580000,0x00000000d5580000,0x00000000d5700000)
  from space 2048K, 78% used [0x00000000d5900000,0x00000000d5a92e88,0x00000000d5b00000)
  to   space 2048K, 0% used [0x00000000d5700000,0x00000000d5700000,0x00000000d5900000)
 ParOldGen       total 903680K, used 903410K [0x0000000080000000, 0x00000000b7280000, 0x00000000d5580000)
  object space 903680K, 99% used [0x0000000080000000,0x00000000b723ca48,0x00000000b7280000)
 Metaspace       used 66780K, committed 68160K, reserved 1114112K
  class space    used 7676K, committed 8256K, reserved 1048576K
}
Event: 85.607 GC heap before
{Heap before GC invocations=1002 (full 3):
 PSYoungGen      total 3584K, used 3147K [0x00000000d5580000, 0x00000000d5b80000, 0x0000000100000000)
  eden space 1536K, 100% used [0x00000000d5580000,0x00000000d5700000,0x00000000d5700000)
  from space 2048K, 78% used [0x00000000d5900000,0x00000000d5a92e88,0x00000000d5b00000)
  to   space 2048K, 0% used [0x00000000d5700000,0x00000000d5700000,0x00000000d5900000)
 ParOldGen       total 903680K, used 903410K [0x0000000080000000, 0x00000000b7280000, 0x00000000d5580000)
  object space 903680K, 99% used [0x0000000080000000,0x00000000b723ca48,0x00000000b7280000)
 Metaspace       used 66780K, committed 68160K, reserved 1114112K
  class space    used 7676K, committed 8256K, reserved 1048576K
}
Event: 85.612 GC heap after
{Heap after GC invocations=1002 (full 3):
 PSYoungGen      total 3584K, used 1682K [0x00000000d5580000, 0x00000000d5b80000, 0x0000000100000000)
  eden space 1536K, 0% used [0x00000000d5580000,0x00000000d5580000,0x00000000d5700000)
  from space 2048K, 82% used [0x00000000d5700000,0x00000000d58a4a10,0x00000000d5900000)
  to   space 2048K, 0% used [0x00000000d5980000,0x00000000d5980000,0x00000000d5b80000)
 ParOldGen       total 905216K, used 904895K [0x0000000080000000, 0x00000000b7400000, 0x00000000d5580000)
  object space 905216K, 99% used [0x0000000080000000,0x00000000b73afdb8,0x00000000b7400000)
 Metaspace       used 66780K, committed 68160K, reserved 1114112K
  class space    used 7676K, committed 8256K, reserved 1048576K
}
Event: 85.633 GC heap before
{Heap before GC invocations=1003 (full 3):
 PSYoungGen      total 3584K, used 3218K [0x00000000d5580000, 0x00000000d5b80000, 0x0000000100000000)
  eden space 1536K, 100% used [0x00000000d5580000,0x00000000d5700000,0x00000000d5700000)
  from space 2048K, 82% used [0x00000000d5700000,0x00000000d58a4a10,0x00000000d5900000)
  to   space 2048K, 0% used [0x00000000d5980000,0x00000000d5980000,0x00000000d5b80000)
 ParOldGen       total 905216K, used 904895K [0x0000000080000000, 0x00000000b7400000, 0x00000000d5580000)
  object space 905216K, 99% used [0x0000000080000000,0x00000000b73afdb8,0x00000000b7400000)
 Metaspace       used 66780K, committed 68160K, reserved 1114112K
  class space    used 7676K, committed 8256K, reserved 1048576K
}

